<!DOCTYPE html PUBLIC "-//W3C//DTD XHTML 1.0 Transitional//EN" "http://www.w3.org/TR/xhtml1/DTD/xhtml1-transitional.dtd">
<!-- Generated by Apache Maven Doxia Site Renderer 1.8.1 from org.apache.maven.plugins:maven-surefire-report-plugin:3.0.0-M7:report at 2022-06-15 -->
<html xmlns="http://www.w3.org/1999/xhtml" xml:lang="en" lang="en">
  <head>
    <meta http-equiv="Content-Type" content="text/html; charset=UTF-8" />
    <title>it_academy &#x2013; Surefire Report</title>
    <style type="text/css" media="all">
      @import url("./css/maven-base.css");
      @import url("./css/maven-theme.css");
      @import url("./css/site.css");
    </style>
    <link rel="stylesheet" href="./css/print.css" type="text/css" media="print" />
    <meta http-equiv="Content-Language" content="en" />
    
  </head>
  <body class="composite">
    <div id="banner">
<div id="bannerLeft">
it_academy
</div>
      <div class="clear">
        <hr/>
      </div>
    </div>
    <div id="breadcrumbs">
      <div class="xleft">
        <span id="publishDate">Last Published: 2022-06-15</span>
          &nbsp;| <span id="projectVersion">Version: 1.0-SNAPSHOT</span>
      </div>
      <div class="xright"><a href="./" title="it_academy">it_academy</a>      </div>
      <div class="clear">
        <hr/>
      </div>
    </div>
    <div id="leftColumn">
      <div id="navcolumn">
       <h5>Project Documentation</h5>
    <ul>
     <li class="collapsed"><a href="project-info.html" title="Project Information">Project Information</a></li>
     <li class="expanded"><a href="project-reports.html" title="Project Reports">Project Reports</a>
      <ul>
       <li class="none"><strong>Surefire Report</strong></li>
      </ul></li>
    </ul>
      <a href="http://maven.apache.org/" title="Built by Maven" class="poweredBy">
        <img class="poweredBy" alt="Built by Maven" src="./images/logos/maven-feather.png" />
      </a>
      </div>
    </div>
    <div id="bodyColumn">
      <div id="contentBox">
<script type="application/javascript">
//<![CDATA[
function toggleDisplay(elementId) {
 var elm = document.getElementById(elementId + '-error');
 if (elm == null) {
  elm = document.getElementById(elementId + '-failure');
 }
 if (elm && typeof elm.style != "undefined") {
  if (elm.style.display == "none") {
   elm.style.display = "";
   document.getElementById(elementId + '-off').style.display = "none";
   document.getElementById(elementId + '-on').style.display = "inline";
  } else if (elm.style.display == "") {   elm.style.display = "none";
   document.getElementById(elementId + '-off').style.display = "inline";
   document.getElementById(elementId + '-on').style.display = "none";
  } 
 } 
 }
//]]>
</script>
<div class="section">
<h2><a name="Surefire_Report"></a>Surefire Report</h2></div>
<div class="section">
<h2><a name="Summary"></a>Summary</h2><a name="Summary"></a>
<p>[<a href="#Summary">Summary</a>] [<a href="#Package_List">Package List</a>] [<a href="#Test_Cases">Test Cases</a>]</p><br />
<table border="1" class="bodyTable">
<tr class="a">
<th>Tests</th>
<th>Errors</th>
<th>Failures</th>
<th>Skipped</th>
<th>Success Rate</th>
<th>Time</th></tr>
<tr class="b">
<td>16</td>
<td>3</td>
<td>0</td>
<td>0</td>
<td>81.25%</td>
<td>0.244</td></tr></table><br />
<p>Note: failures are anticipated and checked for with assertions while errors are unanticipated.</p><br /></div>
<div class="section">
<h2><a name="Package_List"></a>Package List</h2><a name="Package_List"></a>
<p>[<a href="#Summary">Summary</a>] [<a href="#Package_List">Package List</a>] [<a href="#Test_Cases">Test Cases</a>]</p><br />
<table border="1" class="bodyTable">
<tr class="a">
<th>Package</th>
<th>Tests</th>
<th>Errors</th>
<th>Failures</th>
<th>Skipped</th>
<th>Success Rate</th>
<th>Time</th></tr>
<tr class="b">
<td><a href="#by.itacademy.calculator">by.itacademy.calculator</a></td>
<td>16</td>
<td>3</td>
<td>0</td>
<td>0</td>
<td>81.25%</td>
<td>0.244</td></tr></table><br />
<p>Note: package statistics are not computed recursively, they only sum up all of its testsuites numbers.</p>
<div class="section">
<h3><a name="by.itacademy.calculator"></a>by.itacademy.calculator</h3><a name="by.itacademy.calculator"></a>
<table border="1" class="bodyTable">
<tr class="a">
<th></th>
<th>Class</th>
<th>Tests</th>
<th>Errors</th>
<th>Failures</th>
<th>Skipped</th>
<th>Success Rate</th>
<th>Time</th></tr>
<tr class="b">
<td><a href="#by.itacademy.calculator.CalculatorTest"><img src="images/icon_success_sml.gif" alt="" /></a></td>
<td><a href="#by.itacademy.calculator.CalculatorTest">CalculatorTest</a></td>
<td>1</td>
<td>0</td>
<td>0</td>
<td>0</td>
<td>100%</td>
<td>0.038</td></tr>
<tr class="a">
<td><a href="#by.itacademy.calculator.MathUtilsTest"><img src="images/icon_error_sml.gif" alt="" /></a></td>
<td><a href="#by.itacademy.calculator.MathUtilsTest">MathUtilsTest</a></td>
<td>15</td>
<td>3</td>
<td>0</td>
<td>0</td>
<td>80%</td>
<td>0.206</td></tr></table></div><br /></div>
<div class="section">
<h2><a name="Test_Cases"></a>Test Cases</h2><a name="Test_Cases"></a>
<p>[<a href="#Summary">Summary</a>] [<a href="#Package_List">Package List</a>] [<a href="#Test_Cases">Test Cases</a>]</p>
<div class="section">
<h3><a name="CalculatorTest"></a>CalculatorTest</h3><a name="by.itacademy.calculator.CalculatorTest"></a>
<table border="1" class="bodyTable">
<tr class="a">
<td><img src="images/icon_success_sml.gif" alt="" /></td>
<td><a name="TC_by.itacademy.calculator.CalculatorTest.shouldScanNumber"></a>shouldScanNumber</td>
<td>0.011</td></tr></table></div>
<div class="section">
<h3><a name="MathUtilsTest"></a>MathUtilsTest</h3><a name="by.itacademy.calculator.MathUtilsTest"></a>
<table border="1" class="bodyTable">
<tr class="a">
<td><a href="#by.itacademy.calculator.MathUtilsTest.testAddFailint_double_int2"><img src="images/icon_error_sml.gif" alt="" /></a></td>
<td><a name="TC_by.itacademy.calculator.MathUtilsTest.testAddFailint_double_int2"></a><a href="#by.itacademy.calculator.MathUtilsTest.testAddFailint_double_int2">testAddFail(int, double, int)[2]</a>
<div class="detailToggle" style="display:inline"><a href="javascript:toggleDisplay('by.itacademy.calculator.MathUtilsTest.testAddFailint_double_int2');"><span style="display:inline;" id="by.itacademy.calculator.MathUtilsTest.testAddFailint_double_int2-off"> + </span><span style="display:none;" id="by.itacademy.calculator.MathUtilsTest.testAddFailint_double_int2-on"> - </span>[ Detail ]</a></div></td>
<td>0.062</td></tr>
<tr class="b">
<td></td>
<td>No ParameterResolver registered for parameter [double arg1] in method [public void by.itacademy.calculator.MathUtilsTest.testAddFail(int,double,int)].</td>
<td></td></tr>
<tr class="a">
<td></td>
<td>
<div id="by.itacademy.calculator.MathUtilsTest.testAddFailint_double_int2-error" style="display:none;">
<div>
<pre>org.junit.jupiter.api.extension.ParameterResolutionException: No ParameterResolver registered for parameter [double arg1] in method [public void by.itacademy.calculator.MathUtilsTest.testAddFail(int,double,int)].
	at org.junit.jupiter.engine.execution.ExecutableInvoker.resolveParameter(ExecutableInvoker.java:200)
	at org.junit.jupiter.engine.execution.ExecutableInvoker.resolveParameters(ExecutableInvoker.java:183)
	at org.junit.jupiter.engine.execution.ExecutableInvoker.resolveParameters(ExecutableInvoker.java:144)
	at org.junit.jupiter.engine.execution.ExecutableInvoker.invoke(ExecutableInvoker.java:96)
	at org.junit.jupiter.engine.descriptor.TestMethodTestDescriptor.lambda$invokeTestMethod$7(TestMethodTestDescriptor.java:214)
	at org.junit.platform.engine.support.hierarchical.ThrowableCollector.execute(ThrowableCollector.java:73)
	at org.junit.jupiter.engine.descriptor.TestMethodTestDescriptor.invokeTestMethod(TestMethodTestDescriptor.java:210)
	at org.junit.jupiter.engine.descriptor.TestMethodTestDescriptor.execute(TestMethodTestDescriptor.java:135)
	at org.junit.jupiter.engine.descriptor.TestMethodTestDescriptor.execute(TestMethodTestDescriptor.java:66)
	at org.junit.platform.engine.support.hierarchical.NodeTestTask.lambda$executeRecursively$6(NodeTestTask.java:151)
	at org.junit.platform.engine.support.hierarchical.ThrowableCollector.execute(ThrowableCollector.java:73)
	at org.junit.platform.engine.support.hierarchical.NodeTestTask.lambda$executeRecursively$8(NodeTestTask.java:141)
	at org.junit.platform.engine.support.hierarchical.Node.around(Node.java:137)
	at org.junit.platform.engine.support.hierarchical.NodeTestTask.lambda$executeRecursively$9(NodeTestTask.java:139)
	at org.junit.platform.engine.support.hierarchical.ThrowableCollector.execute(ThrowableCollector.java:73)
	at org.junit.platform.engine.support.hierarchical.NodeTestTask.executeRecursively(NodeTestTask.java:138)
	at org.junit.platform.engine.support.hierarchical.NodeTestTask.execute(NodeTestTask.java:95)
	at org.junit.platform.engine.support.hierarchical.ForkJoinPoolHierarchicalTestExecutorService$ExclusiveTask.compute(ForkJoinPoolHierarchicalTestExecutorService.java:185)
	at java.base/java.util.concurrent.RecursiveAction.exec(RecursiveAction.java:194)
	at java.base/java.util.concurrent.ForkJoinTask.doExec(ForkJoinTask.java:373)
	at java.base/java.util.concurrent.ForkJoinTask.awaitDone(ForkJoinTask.java:436)
	at java.base/java.util.concurrent.ForkJoinTask.get(ForkJoinTask.java:979)
	at org.junit.platform.engine.support.hierarchical.NodeTestTask$DefaultDynamicTestExecutor.awaitFinished(NodeTestTask.java:236)
	at org.junit.platform.engine.support.hierarchical.ThrowableCollector.execute(ThrowableCollector.java:73)
	at org.junit.platform.engine.support.hierarchical.NodeTestTask.lambda$executeRecursively$6(NodeTestTask.java:158)
	at org.junit.platform.engine.support.hierarchical.ThrowableCollector.execute(ThrowableCollector.java:73)
	at org.junit.platform.engine.support.hierarchical.NodeTestTask.lambda$executeRecursively$8(NodeTestTask.java:141)
	at org.junit.platform.engine.support.hierarchical.Node.around(Node.java:137)
	at org.junit.platform.engine.support.hierarchical.NodeTestTask.lambda$executeRecursively$9(NodeTestTask.java:139)
	at org.junit.platform.engine.support.hierarchical.ThrowableCollector.execute(ThrowableCollector.java:73)
	at org.junit.platform.engine.support.hierarchical.NodeTestTask.executeRecursively(NodeTestTask.java:138)
	at org.junit.platform.engine.support.hierarchical.NodeTestTask.execute(NodeTestTask.java:95)
	at org.junit.platform.engine.support.hierarchical.ForkJoinPoolHierarchicalTestExecutorService$ExclusiveTask.compute(ForkJoinPoolHierarchicalTestExecutorService.java:185)
	at java.base/java.util.concurrent.RecursiveAction.exec(RecursiveAction.java:194)
	at java.base/java.util.concurrent.ForkJoinTask.doExec(ForkJoinTask.java:373)
	at java.base/java.util.concurrent.ForkJoinPool$WorkQueue.topLevelExec(ForkJoinPool.java:1182)
	at java.base/java.util.concurrent.ForkJoinPool.scan(ForkJoinPool.java:1655)
	at java.base/java.util.concurrent.ForkJoinPool.runWorker(ForkJoinPool.java:1622)
	at java.base/java.util.concurrent.ForkJoinWorkerThread.run(ForkJoinWorkerThread.java:165)
</pre></div></div></td>
<td></td></tr>
<tr class="b">
<td><a href="#by.itacademy.calculator.MathUtilsTest.testAddFailint_double_int1"><img src="images/icon_error_sml.gif" alt="" /></a></td>
<td><a name="TC_by.itacademy.calculator.MathUtilsTest.testAddFailint_double_int1"></a><a href="#by.itacademy.calculator.MathUtilsTest.testAddFailint_double_int1">testAddFail(int, double, int)[1]</a>
<div class="detailToggle" style="display:inline"><a href="javascript:toggleDisplay('by.itacademy.calculator.MathUtilsTest.testAddFailint_double_int1');"><span style="display:inline;" id="by.itacademy.calculator.MathUtilsTest.testAddFailint_double_int1-off"> + </span><span style="display:none;" id="by.itacademy.calculator.MathUtilsTest.testAddFailint_double_int1-on"> - </span>[ Detail ]</a></div></td>
<td>0.002</td></tr>
<tr class="a">
<td></td>
<td>No ParameterResolver registered for parameter [double arg1] in method [public void by.itacademy.calculator.MathUtilsTest.testAddFail(int,double,int)].</td>
<td></td></tr>
<tr class="b">
<td></td>
<td>
<div id="by.itacademy.calculator.MathUtilsTest.testAddFailint_double_int1-error" style="display:none;">
<div>
<pre>org.junit.jupiter.api.extension.ParameterResolutionException: No ParameterResolver registered for parameter [double arg1] in method [public void by.itacademy.calculator.MathUtilsTest.testAddFail(int,double,int)].
	at org.junit.jupiter.engine.execution.ExecutableInvoker.resolveParameter(ExecutableInvoker.java:200)
	at org.junit.jupiter.engine.execution.ExecutableInvoker.resolveParameters(ExecutableInvoker.java:183)
	at org.junit.jupiter.engine.execution.ExecutableInvoker.resolveParameters(ExecutableInvoker.java:144)
	at org.junit.jupiter.engine.execution.ExecutableInvoker.invoke(ExecutableInvoker.java:96)
	at org.junit.jupiter.engine.descriptor.TestMethodTestDescriptor.lambda$invokeTestMethod$7(TestMethodTestDescriptor.java:214)
	at org.junit.platform.engine.support.hierarchical.ThrowableCollector.execute(ThrowableCollector.java:73)
	at org.junit.jupiter.engine.descriptor.TestMethodTestDescriptor.invokeTestMethod(TestMethodTestDescriptor.java:210)
	at org.junit.jupiter.engine.descriptor.TestMethodTestDescriptor.execute(TestMethodTestDescriptor.java:135)
	at org.junit.jupiter.engine.descriptor.TestMethodTestDescriptor.execute(TestMethodTestDescriptor.java:66)
	at org.junit.platform.engine.support.hierarchical.NodeTestTask.lambda$executeRecursively$6(NodeTestTask.java:151)
	at org.junit.platform.engine.support.hierarchical.ThrowableCollector.execute(ThrowableCollector.java:73)
	at org.junit.platform.engine.support.hierarchical.NodeTestTask.lambda$executeRecursively$8(NodeTestTask.java:141)
	at org.junit.platform.engine.support.hierarchical.Node.around(Node.java:137)
	at org.junit.platform.engine.support.hierarchical.NodeTestTask.lambda$executeRecursively$9(NodeTestTask.java:139)
	at org.junit.platform.engine.support.hierarchical.ThrowableCollector.execute(ThrowableCollector.java:73)
	at org.junit.platform.engine.support.hierarchical.NodeTestTask.executeRecursively(NodeTestTask.java:138)
	at org.junit.platform.engine.support.hierarchical.NodeTestTask.execute(NodeTestTask.java:95)
	at org.junit.platform.engine.support.hierarchical.ForkJoinPoolHierarchicalTestExecutorService$ExclusiveTask.compute(ForkJoinPoolHierarchicalTestExecutorService.java:185)
	at java.base/java.util.concurrent.RecursiveAction.exec(RecursiveAction.java:194)
	at java.base/java.util.concurrent.ForkJoinTask.doExec(ForkJoinTask.java:373)
	at java.base/java.util.concurrent.ForkJoinTask.awaitDone(ForkJoinTask.java:436)
	at java.base/java.util.concurrent.ForkJoinTask.get(ForkJoinTask.java:979)
	at org.junit.platform.engine.support.hierarchical.NodeTestTask$DefaultDynamicTestExecutor.awaitFinished(NodeTestTask.java:236)
	at org.junit.platform.engine.support.hierarchical.ThrowableCollector.execute(ThrowableCollector.java:73)
	at org.junit.platform.engine.support.hierarchical.NodeTestTask.lambda$executeRecursively$6(NodeTestTask.java:158)
	at org.junit.platform.engine.support.hierarchical.ThrowableCollector.execute(ThrowableCollector.java:73)
	at org.junit.platform.engine.support.hierarchical.NodeTestTask.lambda$executeRecursively$8(NodeTestTask.java:141)
	at org.junit.platform.engine.support.hierarchical.Node.around(Node.java:137)
	at org.junit.platform.engine.support.hierarchical.NodeTestTask.lambda$executeRecursively$9(NodeTestTask.java:139)
	at org.junit.platform.engine.support.hierarchical.ThrowableCollector.execute(ThrowableCollector.java:73)
	at org.junit.platform.engine.support.hierarchical.NodeTestTask.executeRecursively(NodeTestTask.java:138)
	at org.junit.platform.engine.support.hierarchical.NodeTestTask.execute(NodeTestTask.java:95)
	at org.junit.platform.engine.support.hierarchical.ForkJoinPoolHierarchicalTestExecutorService$ExclusiveTask.compute(ForkJoinPoolHierarchicalTestExecutorService.java:185)
	at java.base/java.util.concurrent.RecursiveAction.exec(RecursiveAction.java:194)
	at java.base/java.util.concurrent.ForkJoinTask.doExec(ForkJoinTask.java:373)
	at java.base/java.util.concurrent.ForkJoinPool$WorkQueue.topLevelExec(ForkJoinPool.java:1182)
	at java.base/java.util.concurrent.ForkJoinPool.scan(ForkJoinPool.java:1655)
	at java.base/java.util.concurrent.ForkJoinPool.runWorker(ForkJoinPool.java:1622)
	at java.base/java.util.concurrent.ForkJoinWorkerThread.run(ForkJoinWorkerThread.java:165)
</pre></div></div></td>
<td></td></tr>
<tr class="a">
<td><img src="images/icon_success_sml.gif" alt="" /></td>
<td><a name="TC_by.itacademy.calculator.MathUtilsTest.testDivideCalculatordouble_double_double1"></a>testDivideCalculator(double, double, double)[1]</td>
<td>0.087</td></tr>
<tr class="b">
<td><img src="images/icon_success_sml.gif" alt="" /></td>
<td><a name="TC_by.itacademy.calculator.MathUtilsTest.testMultiplyCalculatordouble_double_double1"></a>testMultiplyCalculator(double, double, double)[1]</td>
<td>0.087</td></tr>
<tr class="a">
<td><img src="images/icon_success_sml.gif" alt="" /></td>
<td><a name="TC_by.itacademy.calculator.MathUtilsTest.testMultiplyCalculatordouble_double_double3"></a>testMultiplyCalculator(double, double, double)[3]</td>
<td>0.003</td></tr>
<tr class="b">
<td><img src="images/icon_success_sml.gif" alt="" /></td>
<td><a name="TC_by.itacademy.calculator.MathUtilsTest.testDivideCalculatordouble_double_double2"></a>testDivideCalculator(double, double, double)[2]</td>
<td>0.003</td></tr>
<tr class="a">
<td><a href="#by.itacademy.calculator.MathUtilsTest.testAddFailint_double_int3"><img src="images/icon_error_sml.gif" alt="" /></a></td>
<td><a name="TC_by.itacademy.calculator.MathUtilsTest.testAddFailint_double_int3"></a><a href="#by.itacademy.calculator.MathUtilsTest.testAddFailint_double_int3">testAddFail(int, double, int)[3]</a>
<div class="detailToggle" style="display:inline"><a href="javascript:toggleDisplay('by.itacademy.calculator.MathUtilsTest.testAddFailint_double_int3');"><span style="display:inline;" id="by.itacademy.calculator.MathUtilsTest.testAddFailint_double_int3-off"> + </span><span style="display:none;" id="by.itacademy.calculator.MathUtilsTest.testAddFailint_double_int3-on"> - </span>[ Detail ]</a></div></td>
<td>0.006</td></tr>
<tr class="b">
<td></td>
<td>No ParameterResolver registered for parameter [double arg1] in method [public void by.itacademy.calculator.MathUtilsTest.testAddFail(int,double,int)].</td>
<td></td></tr>
<tr class="a">
<td></td>
<td>
<div id="by.itacademy.calculator.MathUtilsTest.testAddFailint_double_int3-error" style="display:none;">
<div>
<pre>org.junit.jupiter.api.extension.ParameterResolutionException: No ParameterResolver registered for parameter [double arg1] in method [public void by.itacademy.calculator.MathUtilsTest.testAddFail(int,double,int)].
	at org.junit.jupiter.engine.execution.ExecutableInvoker.resolveParameter(ExecutableInvoker.java:200)
	at org.junit.jupiter.engine.execution.ExecutableInvoker.resolveParameters(ExecutableInvoker.java:183)
	at org.junit.jupiter.engine.execution.ExecutableInvoker.resolveParameters(ExecutableInvoker.java:144)
	at org.junit.jupiter.engine.execution.ExecutableInvoker.invoke(ExecutableInvoker.java:96)
	at org.junit.jupiter.engine.descriptor.TestMethodTestDescriptor.lambda$invokeTestMethod$7(TestMethodTestDescriptor.java:214)
	at org.junit.platform.engine.support.hierarchical.ThrowableCollector.execute(ThrowableCollector.java:73)
	at org.junit.jupiter.engine.descriptor.TestMethodTestDescriptor.invokeTestMethod(TestMethodTestDescriptor.java:210)
	at org.junit.jupiter.engine.descriptor.TestMethodTestDescriptor.execute(TestMethodTestDescriptor.java:135)
	at org.junit.jupiter.engine.descriptor.TestMethodTestDescriptor.execute(TestMethodTestDescriptor.java:66)
	at org.junit.platform.engine.support.hierarchical.NodeTestTask.lambda$executeRecursively$6(NodeTestTask.java:151)
	at org.junit.platform.engine.support.hierarchical.ThrowableCollector.execute(ThrowableCollector.java:73)
	at org.junit.platform.engine.support.hierarchical.NodeTestTask.lambda$executeRecursively$8(NodeTestTask.java:141)
	at org.junit.platform.engine.support.hierarchical.Node.around(Node.java:137)
	at org.junit.platform.engine.support.hierarchical.NodeTestTask.lambda$executeRecursively$9(NodeTestTask.java:139)
	at org.junit.platform.engine.support.hierarchical.ThrowableCollector.execute(ThrowableCollector.java:73)
	at org.junit.platform.engine.support.hierarchical.NodeTestTask.executeRecursively(NodeTestTask.java:138)
	at org.junit.platform.engine.support.hierarchical.NodeTestTask.execute(NodeTestTask.java:95)
	at org.junit.platform.engine.support.hierarchical.ForkJoinPoolHierarchicalTestExecutorService$ExclusiveTask.compute(ForkJoinPoolHierarchicalTestExecutorService.java:185)
	at java.base/java.util.concurrent.RecursiveAction.exec(RecursiveAction.java:194)
	at java.base/java.util.concurrent.ForkJoinTask.doExec(ForkJoinTask.java:373)
	at java.base/java.util.concurrent.ForkJoinTask.awaitDone(ForkJoinTask.java:436)
	at java.base/java.util.concurrent.ForkJoinTask.get(ForkJoinTask.java:979)
	at org.junit.platform.engine.support.hierarchical.NodeTestTask$DefaultDynamicTestExecutor.awaitFinished(NodeTestTask.java:236)
	at org.junit.platform.engine.support.hierarchical.ThrowableCollector.execute(ThrowableCollector.java:73)
	at org.junit.platform.engine.support.hierarchical.NodeTestTask.lambda$executeRecursively$6(NodeTestTask.java:158)
	at org.junit.platform.engine.support.hierarchical.ThrowableCollector.execute(ThrowableCollector.java:73)
	at org.junit.platform.engine.support.hierarchical.NodeTestTask.lambda$executeRecursively$8(NodeTestTask.java:141)
	at org.junit.platform.engine.support.hierarchical.Node.around(Node.java:137)
	at org.junit.platform.engine.support.hierarchical.NodeTestTask.lambda$executeRecursively$9(NodeTestTask.java:139)
	at org.junit.platform.engine.support.hierarchical.ThrowableCollector.execute(ThrowableCollector.java:73)
	at org.junit.platform.engine.support.hierarchical.NodeTestTask.executeRecursively(NodeTestTask.java:138)
	at org.junit.platform.engine.support.hierarchical.NodeTestTask.execute(NodeTestTask.java:95)
	at org.junit.platform.engine.support.hierarchical.ForkJoinPoolHierarchicalTestExecutorService$ExclusiveTask.compute(ForkJoinPoolHierarchicalTestExecutorService.java:185)
	at java.base/java.util.concurrent.RecursiveAction.exec(RecursiveAction.java:194)
	at java.base/java.util.concurrent.ForkJoinTask.doExec(ForkJoinTask.java:373)
	at java.base/java.util.concurrent.ForkJoinPool$WorkQueue.topLevelExec(ForkJoinPool.java:1182)
	at java.base/java.util.concurrent.ForkJoinPool.scan(ForkJoinPool.java:1655)
	at java.base/java.util.concurrent.ForkJoinPool.runWorker(ForkJoinPool.java:1622)
	at java.base/java.util.concurrent.ForkJoinWorkerThread.run(ForkJoinWorkerThread.java:165)
</pre></div></div></td>
<td></td></tr>
<tr class="b">
<td><img src="images/icon_success_sml.gif" alt="" /></td>
<td><a name="TC_by.itacademy.calculator.MathUtilsTest.testSubtractCalculatordouble_double_double3"></a>testSubtractCalculator(double, double, double)[3]</td>
<td>0.094</td></tr>
<tr class="a">
<td><img src="images/icon_success_sml.gif" alt="" /></td>
<td><a name="TC_by.itacademy.calculator.MathUtilsTest.testDivideCalculatordouble_double_double3"></a>testDivideCalculator(double, double, double)[3]</td>
<td>0.008</td></tr>
<tr class="b">
<td><img src="images/icon_success_sml.gif" alt="" /></td>
<td><a name="TC_by.itacademy.calculator.MathUtilsTest.testSubtractCalculatordouble_double_double1"></a>testSubtractCalculator(double, double, double)[1]</td>
<td>0.002</td></tr>
<tr class="a">
<td><img src="images/icon_success_sml.gif" alt="" /></td>
<td><a name="TC_by.itacademy.calculator.MathUtilsTest.testMultiplyCalculatordouble_double_double2"></a>testMultiplyCalculator(double, double, double)[2]</td>
<td>0.006</td></tr>
<tr class="b">
<td><img src="images/icon_success_sml.gif" alt="" /></td>
<td><a name="TC_by.itacademy.calculator.MathUtilsTest.testAddCalculatordouble_double_double2"></a>testAddCalculator(double, double, double)[2]</td>
<td>0.003</td></tr>
<tr class="a">
<td><img src="images/icon_success_sml.gif" alt="" /></td>
<td><a name="TC_by.itacademy.calculator.MathUtilsTest.testSubtractCalculatordouble_double_double2"></a>testSubtractCalculator(double, double, double)[2]</td>
<td>0.013</td></tr>
<tr class="b">
<td><img src="images/icon_success_sml.gif" alt="" /></td>
<td><a name="TC_by.itacademy.calculator.MathUtilsTest.testAddCalculatordouble_double_double1"></a>testAddCalculator(double, double, double)[1]</td>
<td>0.002</td></tr>
<tr class="a">
<td><img src="images/icon_success_sml.gif" alt="" /></td>
<td><a name="TC_by.itacademy.calculator.MathUtilsTest.testAddCalculatordouble_double_double3"></a>testAddCalculator(double, double, double)[3]</td>
<td>0.002</td></tr></table></div><br /></div>
<div class="section">
<h2><a name="Failure_Details"></a>Failure Details</h2><a name="Failure_Details"></a>
<p>[<a href="#Summary">Summary</a>] [<a href="#Package_List">Package List</a>] [<a href="#Test_Cases">Test Cases</a>]</p><br />
<table border="1" class="bodyTable">
<tr class="a">
<td><img src="images/icon_error_sml.gif" alt="" /></td>
<td><a name="by.itacademy.calculator.MathUtilsTest.testAddFailint_double_int2"></a>testAddFail(int, double, int)[2]</td></tr>
<tr class="b">
<td></td>
<td>org.junit.jupiter.api.extension.ParameterResolutionException: No ParameterResolver registered for parameter [double arg1] in method [public void by.itacademy.calculator.MathUtilsTest.testAddFail(int,double,int)].</td></tr>
<tr class="a">
<td></td>
<td>
<div id="testAddFail(int, double, int)[2]-error">by.itacademy.calculator.MathUtilsTest:</div></td></tr>
<tr class="b">
<td><img src="images/icon_error_sml.gif" alt="" /></td>
<td><a name="by.itacademy.calculator.MathUtilsTest.testAddFailint_double_int1"></a>testAddFail(int, double, int)[1]</td></tr>
<tr class="a">
<td></td>
<td>org.junit.jupiter.api.extension.ParameterResolutionException: No ParameterResolver registered for parameter [double arg1] in method [public void by.itacademy.calculator.MathUtilsTest.testAddFail(int,double,int)].</td></tr>
<tr class="b">
<td></td>
<td>
<div id="testAddFail(int, double, int)[1]-error">by.itacademy.calculator.MathUtilsTest:</div></td></tr>
<tr class="a">
<td><img src="images/icon_error_sml.gif" alt="" /></td>
<td><a name="by.itacademy.calculator.MathUtilsTest.testAddFailint_double_int3"></a>testAddFail(int, double, int)[3]</td></tr>
<tr class="b">
<td></td>
<td>org.junit.jupiter.api.extension.ParameterResolutionException: No ParameterResolver registered for parameter [double arg1] in method [public void by.itacademy.calculator.MathUtilsTest.testAddFail(int,double,int)].</td></tr>
<tr class="a">
<td></td>
<td>
<div id="testAddFail(int, double, int)[3]-error">by.itacademy.calculator.MathUtilsTest:</div></td></tr></table><br /></div>
      </div>
    </div>
    <div class="clear">
      <hr/>
    </div>
    <div id="footer">
      <div class="xright">
        Copyright &#169;      2022.All rights reserved.      </div>
      <div class="clear">
        <hr/>
      </div>
    </div>
  </body>
</html>
